2019-04-24 14:35:46.214  INFO 18356 --- [main] Application                              : Starting Application on DESKTOP-BP8JOQN with PID 18356 (E:\AutoTest2019\target\classes started by user in E:\AutoTest2019)
2019-04-24 14:35:46.219  INFO 18356 --- [main] Application                              : No active profile set, falling back to default profiles: default
2019-04-24 14:35:46.259  INFO 18356 --- [main] ConfigServletWebServerApplicationContext : Refreshing org.springframework.boot.web.servlet.context.AnnotationConfigServletWebServerApplicationContext@1d9b7cce: startup date [Wed Apr 24 14:35:46 CST 2019]; root of context hierarchy
2019-04-24 14:35:46.584  WARN 18356 --- [main] ConfigServletWebServerApplicationContext : Exception encountered during context initialization - cancelling refresh attempt: org.springframework.context.ApplicationContextException: Unable to start web server; nested exception is org.springframework.context.ApplicationContextException: Unable to start ServletWebServerApplicationContext due to missing ServletWebServerFactory bean.
2019-04-24 14:35:46.628 ERROR 18356 --- [main] o.s.boot.SpringApplication               : Application run failed

org.springframework.context.ApplicationContextException: Unable to start web server; nested exception is org.springframework.context.ApplicationContextException: Unable to start ServletWebServerApplicationContext due to missing ServletWebServerFactory bean.
	at org.springframework.boot.web.servlet.context.ServletWebServerApplicationContext.onRefresh(ServletWebServerApplicationContext.java:155) ~[spring-boot-2.0.5.RELEASE.jar:2.0.5.RELEASE]
	at org.springframework.context.support.AbstractApplicationContext.refresh(AbstractApplicationContext.java:544) ~[spring-context-5.0.9.RELEASE.jar:5.0.9.RELEASE]
	at org.springframework.boot.web.servlet.context.ServletWebServerApplicationContext.refresh(ServletWebServerApplicationContext.java:140) ~[spring-boot-2.0.5.RELEASE.jar:2.0.5.RELEASE]
	at org.springframework.boot.SpringApplication.refresh(SpringApplication.java:780) [spring-boot-2.0.5.RELEASE.jar:2.0.5.RELEASE]
	at org.springframework.boot.SpringApplication.refreshContext(SpringApplication.java:412) [spring-boot-2.0.5.RELEASE.jar:2.0.5.RELEASE]
	at org.springframework.boot.SpringApplication.run(SpringApplication.java:333) [spring-boot-2.0.5.RELEASE.jar:2.0.5.RELEASE]
	at org.springframework.boot.SpringApplication.run(SpringApplication.java:1277) [spring-boot-2.0.5.RELEASE.jar:2.0.5.RELEASE]
	at org.springframework.boot.SpringApplication.run(SpringApplication.java:1265) [spring-boot-2.0.5.RELEASE.jar:2.0.5.RELEASE]
	at Application.main(Application.java:25) [classes/:na]
Caused by: org.springframework.context.ApplicationContextException: Unable to start ServletWebServerApplicationContext due to missing ServletWebServerFactory bean.
	at org.springframework.boot.web.servlet.context.ServletWebServerApplicationContext.getWebServerFactory(ServletWebServerApplicationContext.java:204) ~[spring-boot-2.0.5.RELEASE.jar:2.0.5.RELEASE]
	at org.springframework.boot.web.servlet.context.ServletWebServerApplicationContext.createWebServer(ServletWebServerApplicationContext.java:178) ~[spring-boot-2.0.5.RELEASE.jar:2.0.5.RELEASE]
	at org.springframework.boot.web.servlet.context.ServletWebServerApplicationContext.onRefresh(ServletWebServerApplicationContext.java:152) ~[spring-boot-2.0.5.RELEASE.jar:2.0.5.RELEASE]
	... 8 common frames omitted

2019-04-24 14:37:34.188  INFO 18264 --- [main] Application                              : Starting Application on DESKTOP-BP8JOQN with PID 18264 (E:\AutoTest2019\target\classes started by user in E:\AutoTest2019)
2019-04-24 14:37:34.192  INFO 18264 --- [main] Application                              : No active profile set, falling back to default profiles: default
2019-04-24 14:37:34.266  INFO 18264 --- [main] ConfigServletWebServerApplicationContext : Refreshing org.springframework.boot.web.servlet.context.AnnotationConfigServletWebServerApplicationContext@1d9b7cce: startup date [Wed Apr 24 14:37:34 CST 2019]; root of context hierarchy
2019-04-24 14:37:35.404  WARN 18264 --- [main] o.s.b.a.AutoConfigurationPackages        : @EnableAutoConfiguration was declared on a class in the default package. Automatic @Repository and @Entity scanning is not enabled.
2019-04-24 14:37:36.593  INFO 18264 --- [main] o.s.b.w.embedded.tomcat.TomcatWebServer  : Tomcat initialized with port(s): 8080 (http)
2019-04-24 14:37:36.633  INFO 18264 --- [main] o.apache.catalina.core.StandardService   : Starting service [Tomcat]
2019-04-24 14:37:36.633  INFO 18264 --- [main] org.apache.catalina.core.StandardEngine  : Starting Servlet Engine: Apache Tomcat/8.5.34
2019-04-24 14:37:36.642  INFO 18264 --- [localhost-startStop-1] o.a.catalina.core.AprLifecycleListener   : The APR based Apache Tomcat Native library which allows optimal performance in production environments was not found on the java.library.path: [D:\Program Files\Java\jdk1.8.0_192\bin;C:\Windows\Sun\Java\bin;C:\Windows\system32;C:\Windows;C:\Program Files (x86)\Common Files\Oracle\Java\javapath;C:\Windows\system32;C:\Windows;C:\Windows\System32\Wbem;C:\Windows\System32\WindowsPowerShell\v1.0\;"D:\Program Files\Java\jdk1.8.0_192\bin;";"D:\Program Files\Java\jdk1.8.0_192\jre\bin;";"D:\Program Files\apache-maven-3.6.0\bin;";D:\Program Files\Python3.6;D:\Program Files\adb;D:\Program Files\TortoiseGit\bin;D:\Program Files\Git\cmd;"D:\Program Files\apache-tomcat-9.0.14\lib;D:\Program Files\apache-tomcat-9.0.14\bin";D:\Program Files\Android\android-sdk-windows\tools;D:\Program Files\PuTTY\;D:\Program Files\nodejs\;";D:\Program Files\Android\android-sdk-windows\platform-tools;D:\Program Files\Android\android-sdk-windows\tools;";D:\Program Files\nodejs;D:\Program Files\appium\node_modules\.bin;D:\Program Files\Python3.6\Scripts\;D:\Program Files\Python3.6\;C:\Users\user\AppData\Local\Microsoft\WindowsApps;;D:\Program Files\Fiddler;C:\Users\user\AppData\Roaming\npm;.]
2019-04-24 14:37:36.852  INFO 18264 --- [localhost-startStop-1] o.a.c.c.C.[Tomcat].[localhost].[/]       : Initializing Spring embedded WebApplicationContext
2019-04-24 14:37:36.852  INFO 18264 --- [localhost-startStop-1] o.s.web.context.ContextLoader            : Root WebApplicationContext: initialization completed in 2586 ms
2019-04-24 14:37:36.943  INFO 18264 --- [localhost-startStop-1] o.s.b.w.servlet.ServletRegistrationBean  : Servlet dispatcherServlet mapped to [/]
2019-04-24 14:37:36.946  INFO 18264 --- [localhost-startStop-1] o.s.b.w.servlet.FilterRegistrationBean   : Mapping filter: 'characterEncodingFilter' to: [/*]
2019-04-24 14:37:36.947  INFO 18264 --- [localhost-startStop-1] o.s.b.w.servlet.FilterRegistrationBean   : Mapping filter: 'hiddenHttpMethodFilter' to: [/*]
2019-04-24 14:37:36.947  INFO 18264 --- [localhost-startStop-1] o.s.b.w.servlet.FilterRegistrationBean   : Mapping filter: 'httpPutFormContentFilter' to: [/*]
2019-04-24 14:37:36.947  INFO 18264 --- [localhost-startStop-1] o.s.b.w.servlet.FilterRegistrationBean   : Mapping filter: 'requestContextFilter' to: [/*]
2019-04-24 14:37:37.125  INFO 18264 --- [main] o.s.w.s.handler.SimpleUrlHandlerMapping  : Mapped URL path [/**/favicon.ico] onto handler of type [class org.springframework.web.servlet.resource.ResourceHttpRequestHandler]
2019-04-24 14:37:37.336  INFO 18264 --- [main] s.w.s.m.m.a.RequestMappingHandlerAdapter : Looking for @ControllerAdvice: org.springframework.boot.web.servlet.context.AnnotationConfigServletWebServerApplicationContext@1d9b7cce: startup date [Wed Apr 24 14:37:34 CST 2019]; root of context hierarchy
2019-04-24 14:37:37.483  INFO 18264 --- [main] s.w.s.m.m.a.RequestMappingHandlerMapping : Mapped "{[/error]}" onto public org.springframework.http.ResponseEntity<java.util.Map<java.lang.String, java.lang.Object>> org.springframework.boot.autoconfigure.web.servlet.error.BasicErrorController.error(javax.servlet.http.HttpServletRequest)
2019-04-24 14:37:37.485  INFO 18264 --- [main] s.w.s.m.m.a.RequestMappingHandlerMapping : Mapped "{[/error],produces=[text/html]}" onto public org.springframework.web.servlet.ModelAndView org.springframework.boot.autoconfigure.web.servlet.error.BasicErrorController.errorHtml(javax.servlet.http.HttpServletRequest,javax.servlet.http.HttpServletResponse)
2019-04-24 14:37:37.508  INFO 18264 --- [main] o.s.w.s.handler.SimpleUrlHandlerMapping  : Mapped URL path [/webjars/**] onto handler of type [class org.springframework.web.servlet.resource.ResourceHttpRequestHandler]
2019-04-24 14:37:37.508  INFO 18264 --- [main] o.s.w.s.handler.SimpleUrlHandlerMapping  : Mapped URL path [/**] onto handler of type [class org.springframework.web.servlet.resource.ResourceHttpRequestHandler]
2019-04-24 14:37:38.271  INFO 18264 --- [main] o.s.j.e.a.AnnotationMBeanExporter        : Registering beans for JMX exposure on startup
2019-04-24 14:37:38.273  INFO 18264 --- [main] o.s.j.e.a.AnnotationMBeanExporter        : Bean with name 'dataSource' has been autodetected for JMX exposure
2019-04-24 14:37:38.277  INFO 18264 --- [main] o.s.j.e.a.AnnotationMBeanExporter        : Located MBean 'dataSource': registering with JMX server as MBean [com.zaxxer.hikari:name=dataSource,type=HikariDataSource]
2019-04-24 14:37:38.343  INFO 18264 --- [main] o.s.b.w.embedded.tomcat.TomcatWebServer  : Tomcat started on port(s): 8080 (http) with context path ''
2019-04-24 14:37:38.350  INFO 18264 --- [main] Application                              : Started Application in 4.516 seconds (JVM running for 4.931)
2019-04-24 14:37:55.671  INFO 18264 --- [http-nio-8080-exec-1] o.a.c.c.C.[Tomcat].[localhost].[/]       : Initializing Spring FrameworkServlet 'dispatcherServlet'
2019-04-24 14:37:55.671  INFO 18264 --- [http-nio-8080-exec-1] o.s.web.servlet.DispatcherServlet        : FrameworkServlet 'dispatcherServlet': initialization started
2019-04-24 14:37:55.690  INFO 18264 --- [http-nio-8080-exec-1] o.s.web.servlet.DispatcherServlet        : FrameworkServlet 'dispatcherServlet': initialization completed in 19 ms
2019-04-24 14:40:43.371  INFO 5092 --- [main] Application                              : Starting Application on DESKTOP-BP8JOQN with PID 5092 (E:\AutoTest2019\target\classes started by user in E:\AutoTest2019)
2019-04-24 14:40:43.375  INFO 5092 --- [main] Application                              : No active profile set, falling back to default profiles: default
2019-04-24 14:40:43.443  INFO 5092 --- [main] ConfigServletWebServerApplicationContext : Refreshing org.springframework.boot.web.servlet.context.AnnotationConfigServletWebServerApplicationContext@1d9b7cce: startup date [Wed Apr 24 14:40:43 CST 2019]; root of context hierarchy
2019-04-24 14:40:44.013  WARN 5092 --- [main] o.s.b.a.AutoConfigurationPackages        : @EnableAutoConfiguration was declared on a class in the default package. Automatic @Repository and @Entity scanning is not enabled.
2019-04-24 14:40:44.958  INFO 5092 --- [main] o.s.b.w.embedded.tomcat.TomcatWebServer  : Tomcat initialized with port(s): 8888 (http)
2019-04-24 14:40:45.000  INFO 5092 --- [main] o.apache.catalina.core.StandardService   : Starting service [Tomcat]
2019-04-24 14:40:45.000  INFO 5092 --- [main] org.apache.catalina.core.StandardEngine  : Starting Servlet Engine: Apache Tomcat/8.5.34
2019-04-24 14:40:45.014  INFO 5092 --- [localhost-startStop-1] o.a.catalina.core.AprLifecycleListener   : The APR based Apache Tomcat Native library which allows optimal performance in production environments was not found on the java.library.path: [D:\Program Files\Java\jdk1.8.0_192\bin;C:\Windows\Sun\Java\bin;C:\Windows\system32;C:\Windows;C:\Program Files (x86)\Common Files\Oracle\Java\javapath;C:\Windows\system32;C:\Windows;C:\Windows\System32\Wbem;C:\Windows\System32\WindowsPowerShell\v1.0\;"D:\Program Files\Java\jdk1.8.0_192\bin;";"D:\Program Files\Java\jdk1.8.0_192\jre\bin;";"D:\Program Files\apache-maven-3.6.0\bin;";D:\Program Files\Python3.6;D:\Program Files\adb;D:\Program Files\TortoiseGit\bin;D:\Program Files\Git\cmd;"D:\Program Files\apache-tomcat-9.0.14\lib;D:\Program Files\apache-tomcat-9.0.14\bin";D:\Program Files\Android\android-sdk-windows\tools;D:\Program Files\PuTTY\;D:\Program Files\nodejs\;";D:\Program Files\Android\android-sdk-windows\platform-tools;D:\Program Files\Android\android-sdk-windows\tools;";D:\Program Files\nodejs;D:\Program Files\appium\node_modules\.bin;D:\Program Files\Python3.6\Scripts\;D:\Program Files\Python3.6\;C:\Users\user\AppData\Local\Microsoft\WindowsApps;;D:\Program Files\Fiddler;C:\Users\user\AppData\Roaming\npm;.]
2019-04-24 14:40:45.166  INFO 5092 --- [localhost-startStop-1] o.a.c.c.C.[Tomcat].[localhost].[/]       : Initializing Spring embedded WebApplicationContext
2019-04-24 14:40:45.166  INFO 5092 --- [localhost-startStop-1] o.s.web.context.ContextLoader            : Root WebApplicationContext: initialization completed in 1724 ms
2019-04-24 14:40:45.234  INFO 5092 --- [localhost-startStop-1] o.s.b.w.servlet.ServletRegistrationBean  : Servlet dispatcherServlet mapped to [/]
2019-04-24 14:40:45.237  INFO 5092 --- [localhost-startStop-1] o.s.b.w.servlet.FilterRegistrationBean   : Mapping filter: 'characterEncodingFilter' to: [/*]
2019-04-24 14:40:45.237  INFO 5092 --- [localhost-startStop-1] o.s.b.w.servlet.FilterRegistrationBean   : Mapping filter: 'hiddenHttpMethodFilter' to: [/*]
2019-04-24 14:40:45.238  INFO 5092 --- [localhost-startStop-1] o.s.b.w.servlet.FilterRegistrationBean   : Mapping filter: 'httpPutFormContentFilter' to: [/*]
2019-04-24 14:40:45.238  INFO 5092 --- [localhost-startStop-1] o.s.b.w.servlet.FilterRegistrationBean   : Mapping filter: 'requestContextFilter' to: [/*]
2019-04-24 14:40:45.356  INFO 5092 --- [main] o.s.w.s.handler.SimpleUrlHandlerMapping  : Mapped URL path [/**/favicon.ico] onto handler of type [class org.springframework.web.servlet.resource.ResourceHttpRequestHandler]
2019-04-24 14:40:45.553  INFO 5092 --- [main] s.w.s.m.m.a.RequestMappingHandlerAdapter : Looking for @ControllerAdvice: org.springframework.boot.web.servlet.context.AnnotationConfigServletWebServerApplicationContext@1d9b7cce: startup date [Wed Apr 24 14:40:43 CST 2019]; root of context hierarchy
2019-04-24 14:40:45.677  INFO 5092 --- [main] s.w.s.m.m.a.RequestMappingHandlerMapping : Mapped "{[/error]}" onto public org.springframework.http.ResponseEntity<java.util.Map<java.lang.String, java.lang.Object>> org.springframework.boot.autoconfigure.web.servlet.error.BasicErrorController.error(javax.servlet.http.HttpServletRequest)
2019-04-24 14:40:45.680  INFO 5092 --- [main] s.w.s.m.m.a.RequestMappingHandlerMapping : Mapped "{[/error],produces=[text/html]}" onto public org.springframework.web.servlet.ModelAndView org.springframework.boot.autoconfigure.web.servlet.error.BasicErrorController.errorHtml(javax.servlet.http.HttpServletRequest,javax.servlet.http.HttpServletResponse)
2019-04-24 14:40:45.702  INFO 5092 --- [main] o.s.w.s.handler.SimpleUrlHandlerMapping  : Mapped URL path [/webjars/**] onto handler of type [class org.springframework.web.servlet.resource.ResourceHttpRequestHandler]
2019-04-24 14:40:45.702  INFO 5092 --- [main] o.s.w.s.handler.SimpleUrlHandlerMapping  : Mapped URL path [/**] onto handler of type [class org.springframework.web.servlet.resource.ResourceHttpRequestHandler]
2019-04-24 14:40:46.110  INFO 5092 --- [main] o.s.j.e.a.AnnotationMBeanExporter        : Registering beans for JMX exposure on startup
2019-04-24 14:40:46.111  INFO 5092 --- [main] o.s.j.e.a.AnnotationMBeanExporter        : Bean with name 'dataSource' has been autodetected for JMX exposure
2019-04-24 14:40:46.116  INFO 5092 --- [main] o.s.j.e.a.AnnotationMBeanExporter        : Located MBean 'dataSource': registering with JMX server as MBean [com.zaxxer.hikari:name=dataSource,type=HikariDataSource]
2019-04-24 14:40:46.145  INFO 5092 --- [main] o.s.b.w.embedded.tomcat.TomcatWebServer  : Tomcat started on port(s): 8888 (http) with context path ''
2019-04-24 14:40:46.147  INFO 5092 --- [main] Application                              : Started Application in 3.191 seconds (JVM running for 3.604)
2019-04-24 14:42:06.754  INFO 5548 --- [main] Application                              : Starting Application on DESKTOP-BP8JOQN with PID 5548 (E:\AutoTest2019\target\classes started by user in E:\AutoTest2019)
2019-04-24 14:42:06.760  INFO 5548 --- [main] Application                              : No active profile set, falling back to default profiles: default
2019-04-24 14:42:06.829  INFO 5548 --- [main] ConfigServletWebServerApplicationContext : Refreshing org.springframework.boot.web.servlet.context.AnnotationConfigServletWebServerApplicationContext@1d9b7cce: startup date [Wed Apr 24 14:42:06 CST 2019]; root of context hierarchy
2019-04-24 14:42:07.769  WARN 5548 --- [main] o.s.b.a.AutoConfigurationPackages        : @EnableAutoConfiguration was declared on a class in the default package. Automatic @Repository and @Entity scanning is not enabled.
2019-04-24 14:42:08.075  INFO 5548 --- [main] trationDelegate$BeanPostProcessorChecker : Bean 'org.springframework.transaction.annotation.ProxyTransactionManagementConfiguration' of type [org.springframework.transaction.annotation.ProxyTransactionManagementConfiguration$$EnhancerBySpringCGLIB$$25db2ad6] is not eligible for getting processed by all BeanPostProcessors (for example: not eligible for auto-proxying)
2019-04-24 14:42:08.548  INFO 5548 --- [main] o.s.b.w.embedded.tomcat.TomcatWebServer  : Tomcat initialized with port(s): 8888 (http)
2019-04-24 14:42:08.575  INFO 5548 --- [main] o.apache.catalina.core.StandardService   : Starting service [Tomcat]
2019-04-24 14:42:08.575  INFO 5548 --- [main] org.apache.catalina.core.StandardEngine  : Starting Servlet Engine: Apache Tomcat/8.5.34
2019-04-24 14:42:08.583  INFO 5548 --- [localhost-startStop-1] o.a.catalina.core.AprLifecycleListener   : The APR based Apache Tomcat Native library which allows optimal performance in production environments was not found on the java.library.path: [D:\Program Files\Java\jdk1.8.0_192\bin;C:\Windows\Sun\Java\bin;C:\Windows\system32;C:\Windows;C:\Program Files (x86)\Common Files\Oracle\Java\javapath;C:\Windows\system32;C:\Windows;C:\Windows\System32\Wbem;C:\Windows\System32\WindowsPowerShell\v1.0\;"D:\Program Files\Java\jdk1.8.0_192\bin;";"D:\Program Files\Java\jdk1.8.0_192\jre\bin;";"D:\Program Files\apache-maven-3.6.0\bin;";D:\Program Files\Python3.6;D:\Program Files\adb;D:\Program Files\TortoiseGit\bin;D:\Program Files\Git\cmd;"D:\Program Files\apache-tomcat-9.0.14\lib;D:\Program Files\apache-tomcat-9.0.14\bin";D:\Program Files\Android\android-sdk-windows\tools;D:\Program Files\PuTTY\;D:\Program Files\nodejs\;";D:\Program Files\Android\android-sdk-windows\platform-tools;D:\Program Files\Android\android-sdk-windows\tools;";D:\Program Files\nodejs;D:\Program Files\appium\node_modules\.bin;D:\Program Files\Python3.6\Scripts\;D:\Program Files\Python3.6\;C:\Users\user\AppData\Local\Microsoft\WindowsApps;;D:\Program Files\Fiddler;C:\Users\user\AppData\Roaming\npm;.]
2019-04-24 14:42:08.698  INFO 5548 --- [localhost-startStop-1] o.a.c.c.C.[Tomcat].[localhost].[/]       : Initializing Spring embedded WebApplicationContext
2019-04-24 14:42:08.699  INFO 5548 --- [localhost-startStop-1] o.s.web.context.ContextLoader            : Root WebApplicationContext: initialization completed in 1872 ms
2019-04-24 14:42:08.758  INFO 5548 --- [localhost-startStop-1] o.s.b.w.servlet.ServletRegistrationBean  : Servlet dispatcherServlet mapped to [/]
2019-04-24 14:42:08.761  INFO 5548 --- [localhost-startStop-1] o.s.b.w.servlet.FilterRegistrationBean   : Mapping filter: 'characterEncodingFilter' to: [/*]
2019-04-24 14:42:08.762  INFO 5548 --- [localhost-startStop-1] o.s.b.w.servlet.FilterRegistrationBean   : Mapping filter: 'hiddenHttpMethodFilter' to: [/*]
2019-04-24 14:42:08.762  INFO 5548 --- [localhost-startStop-1] o.s.b.w.servlet.FilterRegistrationBean   : Mapping filter: 'httpPutFormContentFilter' to: [/*]
2019-04-24 14:42:08.762  INFO 5548 --- [localhost-startStop-1] o.s.b.w.servlet.FilterRegistrationBean   : Mapping filter: 'requestContextFilter' to: [/*]
2019-04-24 14:42:09.305  INFO 5548 --- [main] s.w.s.m.m.a.RequestMappingHandlerMapping : Mapped "{[/swagger-resources/configuration/ui]}" onto public org.springframework.http.ResponseEntity<springfox.documentation.swagger.web.UiConfiguration> springfox.documentation.swagger.web.ApiResourceController.uiConfiguration()
2019-04-24 14:42:09.307  INFO 5548 --- [main] s.w.s.m.m.a.RequestMappingHandlerMapping : Mapped "{[/swagger-resources]}" onto public org.springframework.http.ResponseEntity<java.util.List<springfox.documentation.swagger.web.SwaggerResource>> springfox.documentation.swagger.web.ApiResourceController.swaggerResources()
2019-04-24 14:42:09.307  INFO 5548 --- [main] s.w.s.m.m.a.RequestMappingHandlerMapping : Mapped "{[/swagger-resources/configuration/security]}" onto public org.springframework.http.ResponseEntity<springfox.documentation.swagger.web.SecurityConfiguration> springfox.documentation.swagger.web.ApiResourceController.securityConfiguration()
2019-04-24 14:42:09.310  INFO 5548 --- [main] s.w.s.m.m.a.RequestMappingHandlerMapping : Mapped "{[/error]}" onto public org.springframework.http.ResponseEntity<java.util.Map<java.lang.String, java.lang.Object>> org.springframework.boot.autoconfigure.web.servlet.error.BasicErrorController.error(javax.servlet.http.HttpServletRequest)
2019-04-24 14:42:09.313  INFO 5548 --- [main] s.w.s.m.m.a.RequestMappingHandlerMapping : Mapped "{[/error],produces=[text/html]}" onto public org.springframework.web.servlet.ModelAndView org.springframework.boot.autoconfigure.web.servlet.error.BasicErrorController.errorHtml(javax.servlet.http.HttpServletRequest,javax.servlet.http.HttpServletResponse)
2019-04-24 14:42:09.456  INFO 5548 --- [main] pertySourcedRequestMappingHandlerMapping : Mapped URL path [/v2/api-docs] onto method [public org.springframework.http.ResponseEntity<springfox.documentation.spring.web.json.Json> springfox.documentation.swagger2.web.Swagger2Controller.getDocumentation(java.lang.String,javax.servlet.http.HttpServletRequest)]
2019-04-24 14:42:09.524  INFO 5548 --- [main] o.s.w.s.handler.SimpleUrlHandlerMapping  : Mapped URL path [/**/favicon.ico] onto handler of type [class org.springframework.web.servlet.resource.ResourceHttpRequestHandler]
2019-04-24 14:42:09.949  INFO 5548 --- [main] s.w.s.m.m.a.RequestMappingHandlerAdapter : Looking for @ControllerAdvice: org.springframework.boot.web.servlet.context.AnnotationConfigServletWebServerApplicationContext@1d9b7cce: startup date [Wed Apr 24 14:42:06 CST 2019]; root of context hierarchy
2019-04-24 14:42:10.037  INFO 5548 --- [main] o.s.w.s.handler.SimpleUrlHandlerMapping  : Mapped URL path [/webjars/**] onto handler of type [class org.springframework.web.servlet.resource.ResourceHttpRequestHandler]
2019-04-24 14:42:10.037  INFO 5548 --- [main] o.s.w.s.handler.SimpleUrlHandlerMapping  : Mapped URL path [/**] onto handler of type [class org.springframework.web.servlet.resource.ResourceHttpRequestHandler]
2019-04-24 14:42:10.492  INFO 5548 --- [main] o.s.j.e.a.AnnotationMBeanExporter        : Registering beans for JMX exposure on startup
2019-04-24 14:42:10.494  INFO 5548 --- [main] o.s.j.e.a.AnnotationMBeanExporter        : Bean with name 'dataSource' has been autodetected for JMX exposure
2019-04-24 14:42:10.499  INFO 5548 --- [main] o.s.j.e.a.AnnotationMBeanExporter        : Located MBean 'dataSource': registering with JMX server as MBean [com.zaxxer.hikari:name=dataSource,type=HikariDataSource]
2019-04-24 14:42:10.505  INFO 5548 --- [main] o.s.c.support.DefaultLifecycleProcessor  : Starting beans in phase 2147483647
2019-04-24 14:42:10.506  INFO 5548 --- [main] d.s.w.p.DocumentationPluginsBootstrapper : Context refreshed
2019-04-24 14:42:10.533  INFO 5548 --- [main] d.s.w.p.DocumentationPluginsBootstrapper : Found 1 custom documentation plugin(s)
2019-04-24 14:42:10.582  INFO 5548 --- [main] s.d.s.w.s.ApiListingReferenceScanner     : Scanning for api listing references
2019-04-24 14:42:10.791  INFO 5548 --- [main] o.s.b.w.embedded.tomcat.TomcatWebServer  : Tomcat started on port(s): 8888 (http) with context path ''
2019-04-24 14:42:10.795  INFO 5548 --- [main] Application                              : Started Application in 4.414 seconds (JVM running for 4.812)
2019-04-24 14:42:22.622  INFO 5548 --- [http-nio-8888-exec-2] o.a.c.c.C.[Tomcat].[localhost].[/]       : Initializing Spring FrameworkServlet 'dispatcherServlet'
2019-04-24 14:42:22.623  INFO 5548 --- [http-nio-8888-exec-2] o.s.web.servlet.DispatcherServlet        : FrameworkServlet 'dispatcherServlet': initialization started
2019-04-24 14:42:22.646  INFO 5548 --- [http-nio-8888-exec-2] o.s.web.servlet.DispatcherServlet        : FrameworkServlet 'dispatcherServlet': initialization completed in 23 ms
